<?xml version="1.0" encoding="UTF-8"?>
<!-- Generated by org.testng.reporters.JUnitXMLReporter -->
<testsuite ignored="1" hostname="DESKTOP-4LFDKLF" failures="0" tests="4" name="chromeTest" time="28.94" errors="0" timestamp="2020-11-20T11:24:39 IST">
  <testcase classname="Urbanladder_Bookshelves" name="operationSearch" time="7.942"/>
  <testcase classname="Urbanladder_Bookshelves" name="operationCategory" time="2.136"/>
  <testcase classname="Urbanladder_Bookshelves" name="operationPrice" time="2.468"/>
  <testcase classname="Urbanladder_Bookshelves" name="closePopUp" time="5.38"/>
  <testcase classname="Urbanladder_Bookshelves" name="operationStorage" time="0.0">
    <ignored/>
  </testcase> <!-- operationStorage -->
</testsuite> <!-- chromeTest -->
