<?xml version="1.0" encoding="UTF-8"?>
<!-- Generated by org.testng.reporters.JUnitXMLReporter -->
<testsuite ignored="1" hostname="DESKTOP-4LFDKLF" failures="0" tests="4" name="chromeTest" time="29.521" errors="0" timestamp="2020-11-20T17:14:10 IST">
  <testcase classname="Urbanladder_Bookshelves" name="operationSearch" time="8.928"/>
  <testcase classname="Urbanladder_Bookshelves" name="operationCategory" time="2.575"/>
  <testcase classname="Urbanladder_Bookshelves" name="operationPrice" time="2.5"/>
  <testcase classname="Urbanladder_Bookshelves" name="closePopUp" time="5.193"/>
  <testcase classname="Urbanladder_Bookshelves" name="operationStorage" time="0.0">
    <ignored/>
  </testcase> <!-- operationStorage -->
</testsuite> <!-- chromeTest -->
