<?xml version="1.0" encoding="UTF-8"?>
<testng-results ignored="1" total="5" passed="4" failed="0" skipped="0">
  <reporter-output>
  </reporter-output>
  <suite started-at="2020-11-20T11:24:10 IST" name="Suite" finished-at="2020-11-20T11:24:39 IST" duration-ms="28940">
    <groups>
    </groups>
    <test started-at="2020-11-20T11:24:10 IST" name="chromeTest" finished-at="2020-11-20T11:24:39 IST" duration-ms="28940">
      <class name="Urbanladder_Bookshelves">
        <test-method is-config="true" signature="driverconfig(java.lang.String)[pri:0, instance:Urbanladder_Bookshelves@49dc7102]" started-at="2020-11-20T11:24:10 IST" name="driverconfig" finished-at="2020-11-20T11:24:21 IST" duration-ms="10948" status="PASS">
          <params>
            <param index="0">
              <value>
                <![CDATA[chrome]]>
              </value>
            </param>
          </params>
          <reporter-output>
          </reporter-output>
        </test-method> <!-- driverconfig -->
        <test-method signature="operationSearch()[pri:1, instance:Urbanladder_Bookshelves@49dc7102]" started-at="2020-11-20T11:24:21 IST" name="operationSearch" finished-at="2020-11-20T11:24:29 IST" duration-ms="7942" status="PASS">
          <reporter-output>
          </reporter-output>
        </test-method> <!-- operationSearch -->
        <test-method signature="operationCategory()[pri:2, instance:Urbanladder_Bookshelves@49dc7102]" started-at="2020-11-20T11:24:29 IST" name="operationCategory" finished-at="2020-11-20T11:24:31 IST" duration-ms="2136" status="PASS">
          <reporter-output>
          </reporter-output>
        </test-method> <!-- operationCategory -->
        <test-method signature="operationPrice()[pri:3, instance:Urbanladder_Bookshelves@49dc7102]" started-at="2020-11-20T11:24:31 IST" name="operationPrice" finished-at="2020-11-20T11:24:34 IST" duration-ms="2468" status="PASS">
          <reporter-output>
          </reporter-output>
        </test-method> <!-- operationPrice -->
        <test-method signature="closePopUp()[pri:4, instance:Urbanladder_Bookshelves@49dc7102]" started-at="2020-11-20T11:24:34 IST" name="closePopUp" finished-at="2020-11-20T11:24:39 IST" duration-ms="5380" status="PASS">
          <reporter-output>
          </reporter-output>
        </test-method> <!-- closePopUp -->
      </class> <!-- Urbanladder_Bookshelves -->
    </test> <!-- chromeTest -->
  </suite> <!-- Suite -->
</testng-results>
