<?xml version="1.0" encoding="UTF-8"?>
<testng-results ignored="1" total="5" passed="4" failed="0" skipped="0">
  <reporter-output>
  </reporter-output>
  <suite started-at="2020-11-20T17:13:40 IST" name="Suite" finished-at="2020-11-20T17:14:09 IST" duration-ms="29521">
    <groups>
    </groups>
    <test started-at="2020-11-20T17:13:40 IST" name="chromeTest" finished-at="2020-11-20T17:14:09 IST" duration-ms="29521">
      <class name="Urbanladder_Bookshelves">
        <test-method is-config="true" signature="driverconfig(java.lang.String)[pri:0, instance:Urbanladder_Bookshelves@65f095f8]" started-at="2020-11-20T17:13:40 IST" name="driverconfig" finished-at="2020-11-20T17:13:50 IST" duration-ms="10264" status="PASS">
          <params>
            <param index="0">
              <value>
                <![CDATA[chrome]]>
              </value>
            </param>
          </params>
          <reporter-output>
          </reporter-output>
        </test-method> <!-- driverconfig -->
        <test-method signature="operationSearch()[pri:1, instance:Urbanladder_Bookshelves@65f095f8]" started-at="2020-11-20T17:13:50 IST" name="operationSearch" finished-at="2020-11-20T17:13:59 IST" duration-ms="8928" status="PASS">
          <reporter-output>
          </reporter-output>
        </test-method> <!-- operationSearch -->
        <test-method signature="operationCategory()[pri:2, instance:Urbanladder_Bookshelves@65f095f8]" started-at="2020-11-20T17:13:59 IST" name="operationCategory" finished-at="2020-11-20T17:14:02 IST" duration-ms="2575" status="PASS">
          <reporter-output>
          </reporter-output>
        </test-method> <!-- operationCategory -->
        <test-method signature="operationPrice()[pri:3, instance:Urbanladder_Bookshelves@65f095f8]" started-at="2020-11-20T17:14:02 IST" name="operationPrice" finished-at="2020-11-20T17:14:04 IST" duration-ms="2500" status="PASS">
          <reporter-output>
          </reporter-output>
        </test-method> <!-- operationPrice -->
        <test-method signature="closePopUp()[pri:4, instance:Urbanladder_Bookshelves@65f095f8]" started-at="2020-11-20T17:14:04 IST" name="closePopUp" finished-at="2020-11-20T17:14:09 IST" duration-ms="5193" status="PASS">
          <reporter-output>
          </reporter-output>
        </test-method> <!-- closePopUp -->
      </class> <!-- Urbanladder_Bookshelves -->
    </test> <!-- chromeTest -->
  </suite> <!-- Suite -->
</testng-results>
